Release 14.2 Map P.28xd (nt64)
Xilinx Mapping Report File for Design 'TicTacToe'

Design Information
------------------
Command Line   : map -intstyle ise -p xc6slx16-csg324-3 -w -logic_opt off -ol
high -t 1 -xt 0 -register_duplication off -r 4 -global_opt off -mt off -ir off
-pr off -lc off -power off -o TicTacToe_map.ncd TicTacToe.ngd TicTacToe.pcf 
Target Device  : xc6slx16
Target Package : csg324
Target Speed   : -3
Mapper Version : spartan6 -- $Revision: 1.55 $
Mapped Date    : Thu Dec 17 18:33:42 2015

Design Summary
--------------
Number of errors:      0
Number of warnings:    0
Slice Logic Utilization:
  Number of Slice Registers:                   131 out of  18,224    1%
    Number used as Flip Flops:                 130
    Number used as Latches:                      0
    Number used as Latch-thrus:                  0
    Number used as AND/OR logics:                1
  Number of Slice LUTs:                        769 out of   9,112    8%
    Number used as logic:                      759 out of   9,112    8%
      Number using O6 output only:             397
      Number using O5 output only:              82
      Number using O5 and O6:                  280
      Number used as ROM:                        0
    Number used as Memory:                       4 out of   2,176    1%
      Number used as Dual Port RAM:              0
      Number used as Single Port RAM:            0
      Number used as Shift Register:             4
        Number using O6 output only:             4
        Number using O5 output only:             0
        Number using O5 and O6:                  0
    Number used exclusively as route-thrus:      6
      Number with same-slice register load:      0
      Number with same-slice carry load:         6
      Number with other load:                    0

Slice Logic Distribution:
  Number of occupied Slices:                   287 out of   2,278   12%
  Nummber of MUXCYs used:                      340 out of   4,556    7%
  Number of LUT Flip Flop pairs used:          772
    Number with an unused Flip Flop:           644 out of     772   83%
    Number with an unused LUT:                   3 out of     772    1%
    Number of fully used LUT-FF pairs:         125 out of     772   16%
    Number of unique control sets:              14
    Number of slice register sites lost
      to control set restrictions:              74 out of  18,224    1%

  A LUT Flip Flop pair for this architecture represents one LUT paired with
  one Flip Flop within a slice.  A control set is a unique combination of
  clock, reset, set, and enable signals for a registered element.
  The Slice Logic Distribution report is not meaningful if the design is
  over-mapped for a non-slice resource or if Placement fails.

IO Utilization:
  Number of bonded IOBs:                        36 out of     232   15%
    Number of LOCed IOBs:                       36 out of      36  100%

Specific Feature Utilization:
  Number of RAMB16BWERs:                         0 out of      32    0%
  Number of RAMB8BWERs:                          0 out of      64    0%
  Number of BUFIO2/BUFIO2_2CLKs:                 0 out of      32    0%
  Number of BUFIO2FB/BUFIO2FB_2CLKs:             0 out of      32    0%
  Number of BUFG/BUFGMUXs:                       2 out of      16   12%
    Number used as BUFGs:                        2
    Number used as BUFGMUX:                      0
  Number of DCM/DCM_CLKGENs:                     0 out of       4    0%
  Number of ILOGIC2/ISERDES2s:                   0 out of     248    0%
  Number of IODELAY2/IODRP2/IODRP2_MCBs:         0 out of     248    0%
  Number of OLOGIC2/OSERDES2s:                   0 out of     248    0%
  Number of BSCANs:                              0 out of       4    0%
  Number of BUFHs:                               0 out of     128    0%
  Number of BUFPLLs:                             0 out of       8    0%
  Number of BUFPLL_MCBs:                         0 out of       4    0%
  Number of DSP48A1s:                            0 out of      32    0%
  Number of ICAPs:                               0 out of       1    0%
  Number of MCBs:                                0 out of       2    0%
  Number of PCILOGICSEs:                         0 out of       2    0%
  Number of PLL_ADVs:                            0 out of       2    0%
  Number of PMVs:                                0 out of       1    0%
  Number of STARTUPs:                            0 out of       1    0%
  Number of SUSPEND_SYNCs:                       0 out of       1    0%

Average Fanout of Non-Clock Nets:                4.15

Peak Memory Usage:  367 MB
Total REAL time to MAP completion:  12 secs 
Total CPU time to MAP completion:   8 secs 

Table of Contents
-----------------
Section 1 - Errors
Section 2 - Warnings
Section 3 - Informational
Section 4 - Removed Logic Summary
Section 5 - Removed Logic
Section 6 - IOB Properties
Section 7 - RPMs
Section 8 - Guide Report
Section 9 - Area Group and Partition Summary
Section 10 - Timing Report
Section 11 - Configuration String Information
Section 12 - Control Set Information
Section 13 - Utilization by Hierarchy

Section 1 - Errors
------------------

Section 2 - Warnings
--------------------

Section 3 - Informational
-------------------------
INFO:LIT:243 - Logical network B_control<1> has no load.
INFO:LIT:395 - The above info message is repeated 7 more times for the following
   (max. 5 shown):
   B_control<0>,
   R_control<2>_IBUF,
   R_control<1>_IBUF,
   R_control<0>_IBUF,
   G_control<2>_IBUF
   To see the details of these info messages, please use the -detail switch.
INFO:MapLib:562 - No environment variables are currently set.
INFO:LIT:244 - All of the single ended outputs in this design are using slew
   rate limited output drivers. The delay on speed critical single ended outputs
   can be dramatically reduced by designating them as fast outputs.
INFO:Pack:1716 - Initializing temperature to 85.000 Celsius. (default - Range:
   0.000 to 85.000 Celsius)
INFO:Pack:1720 - Initializing voltage to 1.140 Volts. (default - Range: 1.140 to
   1.260 Volts)
INFO:Map:215 - The Interim Design Summary has been generated in the MAP Report
   (.mrp).
INFO:Pack:1650 - Map created a placed design.

Section 4 - Removed Logic Summary
---------------------------------
   1 block(s) removed
  31 block(s) optimized away

Section 5 - Removed Logic
-------------------------

The trimmed logic report below shows the logic removed from your design due to
sourceless or loadless signals, and VCC or ground connections.  If the removal
of a signal or symbol results in the subsequent removal of an additional signal
or symbol, the message explaining that second removal will be indented.  This
indentation will be repeated as a chain of related logic is removed.

To quickly locate the original cause for the removal of a chain of logic, look
above the place where that logic is listed in the trimming report, then locate
the lines that are least indented (begin at the leftmost edge).

Loadless block "VD/ADDERTREE_INTERNAL_Madd717" (ROM) removed.

Optimized Block(s):
TYPE 		BLOCK
LUT3 		VD/ADDERTREE_INTERNAL_Madd710
   optimized to 0
LUT3 		VD/ADDERTREE_INTERNAL_Madd711
   optimized to 0
LUT3 		VD/ADDERTREE_INTERNAL_Madd712
   optimized to 0
LUT3 		VD/ADDERTREE_INTERNAL_Madd713
   optimized to 0
LUT3 		VD/ADDERTREE_INTERNAL_Madd714
   optimized to 0
LUT3 		VD/ADDERTREE_INTERNAL_Madd715
   optimized to 0
LUT3 		VD/ADDERTREE_INTERNAL_Madd716
   optimized to 0
LUT3 		VD/ADDERTREE_INTERNAL_Madd72
   optimized to 0
LUT3 		VD/ADDERTREE_INTERNAL_Madd73
   optimized to 0
LUT3 		VD/ADDERTREE_INTERNAL_Madd74
   optimized to 0
LUT3 		VD/ADDERTREE_INTERNAL_Madd75
   optimized to 0
LUT3 		VD/ADDERTREE_INTERNAL_Madd76
   optimized to 0
LUT3 		VD/ADDERTREE_INTERNAL_Madd77
   optimized to 0
LUT3 		VD/ADDERTREE_INTERNAL_Madd78
   optimized to 0
LUT3 		VD/ADDERTREE_INTERNAL_Madd79
   optimized to 0
LUT4 		VD/ADDERTREE_INTERNAL_Madd7_lut<0>10
   optimized to 0
LUT4 		VD/ADDERTREE_INTERNAL_Madd7_lut<0>11
   optimized to 0
LUT4 		VD/ADDERTREE_INTERNAL_Madd7_lut<0>12
   optimized to 0
LUT4 		VD/ADDERTREE_INTERNAL_Madd7_lut<0>13
   optimized to 0
LUT4 		VD/ADDERTREE_INTERNAL_Madd7_lut<0>14
   optimized to 0
LUT4 		VD/ADDERTREE_INTERNAL_Madd7_lut<0>15
   optimized to 0
LUT4 		VD/ADDERTREE_INTERNAL_Madd7_lut<0>16
   optimized to 0
LUT4 		VD/ADDERTREE_INTERNAL_Madd7_lut<0>17
   optimized to 0
LUT4 		VD/ADDERTREE_INTERNAL_Madd7_lut<0>4
   optimized to 0
LUT4 		VD/ADDERTREE_INTERNAL_Madd7_lut<0>5
   optimized to 0
LUT4 		VD/ADDERTREE_INTERNAL_Madd7_lut<0>6
   optimized to 0
LUT4 		VD/ADDERTREE_INTERNAL_Madd7_lut<0>7
   optimized to 0
LUT4 		VD/ADDERTREE_INTERNAL_Madd7_lut<0>8
   optimized to 0
LUT4 		VD/ADDERTREE_INTERNAL_Madd7_lut<0>9
   optimized to 0
GND 		XST_GND
VCC 		XST_VCC

To enable printing of redundant blocks removed and signals merged, set the
detailed map report option and rerun map.

Section 6 - IOB Properties
--------------------------

+---------------------------------------------------------------------------------------------------------------------------------------------------------+
| IOB Name                           | Type             | Direction | IO Standard          | Diff  | Drive    | Slew | Reg (s)      | Resistor | IOB      |
|                                    |                  |           |                      | Term  | Strength | Rate |              |          | Delay    |
+---------------------------------------------------------------------------------------------------------------------------------------------------------+
| AN<0>                              | IOB              | OUTPUT    | LVCMOS25             |       | 12       | SLOW |              |          |          |
| AN<1>                              | IOB              | OUTPUT    | LVCMOS25             |       | 12       | SLOW |              |          |          |
| AN<2>                              | IOB              | OUTPUT    | LVCMOS25             |       | 12       | SLOW |              |          |          |
| AN<3>                              | IOB              | OUTPUT    | LVCMOS25             |       | 12       | SLOW |              |          |          |
| B<0>                               | IOB              | OUTPUT    | LVCMOS25             |       | 12       | SLOW |              |          |          |
| B<1>                               | IOB              | OUTPUT    | LVCMOS25             |       | 12       | SLOW |              |          |          |
| G<0>                               | IOB              | OUTPUT    | LVCMOS25             |       | 12       | SLOW |              |          |          |
| G<1>                               | IOB              | OUTPUT    | LVCMOS25             |       | 12       | SLOW |              |          |          |
| G<2>                               | IOB              | OUTPUT    | LVCMOS25             |       | 12       | SLOW |              |          |          |
| G_control<0>                       | IOB              | INPUT     | LVCMOS25             |       |          |      |              |          |          |
| G_control<1>                       | IOB              | INPUT     | LVCMOS25             |       |          |      |              |          |          |
| G_control<2>                       | IOB              | INPUT     | LVCMOS25             |       |          |      |              |          |          |
| HS                                 | IOB              | OUTPUT    | LVCMOS25             |       | 12       | SLOW |              |          |          |
| R<0>                               | IOB              | OUTPUT    | LVCMOS25             |       | 12       | SLOW |              |          |          |
| R<1>                               | IOB              | OUTPUT    | LVCMOS25             |       | 12       | SLOW |              |          |          |
| R<2>                               | IOB              | OUTPUT    | LVCMOS25             |       | 12       | SLOW |              |          |          |
| R_control<0>                       | IOB              | INPUT     | LVCMOS25             |       |          |      |              |          |          |
| R_control<1>                       | IOB              | INPUT     | LVCMOS25             |       |          |      |              |          |          |
| R_control<2>                       | IOB              | INPUT     | LVCMOS25             |       |          |      |              |          |          |
| Score_rst                          | IOB              | INPUT     | LVCMOS25             |       |          |      |              |          |          |
| VS                                 | IOB              | OUTPUT    | LVCMOS25             |       | 12       | SLOW |              |          |          |
| clk                                | IOB              | INPUT     | LVCMOS25             |       |          |      |              |          |          |
| down                               | IOB              | INPUT     | LVCMOS25             |       |          |      |              |          |          |
| enter                              | IOB              | INPUT     | LVCMOS25             |       |          |      |              |          |          |
| left                               | IOB              | INPUT     | LVCMOS25             |       |          |      |              |          |          |
| right                              | IOB              | INPUT     | LVCMOS25             |       |          |      |              |          |          |
| rst                                | IOB              | INPUT     | LVCMOS25             |       |          |      |              |          |          |
| sevenPlus<0>                       | IOB              | OUTPUT    | LVCMOS25             |       | 12       | SLOW |              |          |          |
| sevenPlus<1>                       | IOB              | OUTPUT    | LVCMOS25             |       | 12       | SLOW |              |          |          |
| sevenPlus<2>                       | IOB              | OUTPUT    | LVCMOS25             |       | 12       | SLOW |              |          |          |
| sevenPlus<3>                       | IOB              | OUTPUT    | LVCMOS25             |       | 12       | SLOW |              |          |          |
| sevenPlus<4>                       | IOB              | OUTPUT    | LVCMOS25             |       | 12       | SLOW |              |          |          |
| sevenPlus<5>                       | IOB              | OUTPUT    | LVCMOS25             |       | 12       | SLOW |              |          |          |
| sevenPlus<6>                       | IOB              | OUTPUT    | LVCMOS25             |       | 12       | SLOW |              |          |          |
| sevenPlus<7>                       | IOB              | OUTPUT    | LVCMOS25             |       | 12       | SLOW |              |          |          |
| up                                 | IOB              | INPUT     | LVCMOS25             |       |          |      |              |          |          |
+---------------------------------------------------------------------------------------------------------------------------------------------------------+

Section 7 - RPMs
----------------

Section 8 - Guide Report
------------------------
Guide not run on this design.

Section 9 - Area Group and Partition Summary
--------------------------------------------

Partition Implementation Status
-------------------------------

  No Partitions were found in this design.

-------------------------------

Area Group Information
----------------------

  No area groups were found in this design.

----------------------

Section 10 - Timing Report
--------------------------
A logic-level (pre-route) timing report can be generated by using Xilinx static
timing analysis tools, Timing Analyzer (GUI) or TRCE (command line), with the
mapped NCD and PCF files. Please note that this timing report will be generated
using estimated delay information. For accurate numbers, please generate a
timing report with the post Place and Route NCD file.

For more information about the Timing Analyzer, consult the Xilinx Timing
Analyzer Reference Manual; for more information about TRCE, consult the Xilinx
Command Line Tools User Guide "TRACE" chapter.

Section 11 - Configuration String Details
-----------------------------------------
Use the "-detail" map option to print out Configuration Strings

Section 12 - Control Set Information
------------------------------------
Use the "-detail" map option to print out Control Set Information.

Section 13 - Utilization by Hierarchy
-------------------------------------
Use the "-detail" map option to print out the Utilization by Hierarchy section.
